<?xml version="1.0" encoding="UTF-8"?>
<!-- Generated by org.testng.reporters.JUnitXMLReporter -->
<testsuite hostname="macpk-wks-0135" ignored="0" name="Some Workflow Tests 1" tests="23" failures="0" timestamp="2020-02-20T23:59:44 PKT" time="30.363" errors="0">
  <testcase name="@BeforeTest Startup" time="16.623" classname="Master.OrdersExecution1">
    <failure type="org.openqa.selenium.SessionNotCreatedException" message="session not created
from chrome not reachable
  (Session info: chrome=79.0.3945.130)
Build info: version: &amp;apos;3.6.0&amp;apos;, revision: &amp;apos;6fbf3ec767&amp;apos;, time: &amp;apos;2017-09-27T15:28:36.4Z&amp;apos;
System info: host: &amp;apos;MACPK-WKS-0135&amp;apos;, ip: &amp;apos;172.25.176.41&amp;apos;, os.name: &amp;apos;Windows 10&amp;apos;, os.arch: &amp;apos;amd64&amp;apos;, os.version: &amp;apos;10.0&amp;apos;, java.version: &amp;apos;1.8.0_131&amp;apos;
Driver info: driver.version: ChromeDriver
remote stacktrace: Backtrace:
	Ordinal0 [0x005EA113+1548563]
	Ordinal0 [0x0056DDA1+1039777]
	Ordinal0 [0x004EE32E+516910]
	Ordinal0 [0x004E8012+491538]
	Ordinal0 [0x004E86EB+493291]
	Ordinal0 [0x004E9855+497749]
	Ordinal0 [0x004E5885+481413]
	Ordinal0 [0x004EF0D0+520400]
	Ordinal0 [0x0049C030+180272]
	Ordinal0 [0x0049B59D+177565]
	Ordinal0 [0x004995FB+169467]
	Ordinal0 [0x0048160A+71178]
	Ordinal0 [0x00482690+75408]
	Ordinal0 [0x00482629+75305]
	Ordinal0 [0x005871B7+1143223]
	GetHandleVerifier [0x00682B46+507814]
	GetHandleVerifier [0x00682864+507076]
	GetHandleVerifier [0x00689F47+537511]
	GetHandleVerifier [0x00683402+510050]
	Ordinal0 [0x0057F29C+1110684]
	Ordinal0 [0x0058938B+1151883]
	Ordinal0 [0x005894F3+1152243]
	Ordinal0 [0x005883F5+1147893]
	BaseThreadInitThunk [0x74E46359+25]
	RtlGetAppContainerNamedObjectPath [0x776A7B74+228]
	RtlGetAppContainerNamedObjectPath [0x776A7B44+180]
">
      <![CDATA[org.openqa.selenium.SessionNotCreatedException: session not created
from chrome not reachable
  (Session info: chrome=79.0.3945.130)
Build info: version: '3.6.0', revision: '6fbf3ec767', time: '2017-09-27T15:28:36.4Z'
System info: host: 'MACPK-WKS-0135', ip: '172.25.176.41', os.name: 'Windows 10', os.arch: 'amd64', os.version: '10.0', java.version: '1.8.0_131'
Driver info: driver.version: ChromeDriver
remote stacktrace: Backtrace:
Ordinal0 [0x005EA113+1548563]
Ordinal0 [0x0056DDA1+1039777]
Ordinal0 [0x004EE32E+516910]
Ordinal0 [0x004E8012+491538]
Ordinal0 [0x004E86EB+493291]
Ordinal0 [0x004E9855+497749]
Ordinal0 [0x004E5885+481413]
Ordinal0 [0x004EF0D0+520400]
Ordinal0 [0x0049C030+180272]
Ordinal0 [0x0049B59D+177565]
Ordinal0 [0x004995FB+169467]
Ordinal0 [0x0048160A+71178]
Ordinal0 [0x00482690+75408]
Ordinal0 [0x00482629+75305]
Ordinal0 [0x005871B7+1143223]
GetHandleVerifier [0x00682B46+507814]
GetHandleVerifier [0x00682864+507076]
GetHandleVerifier [0x00689F47+537511]
GetHandleVerifier [0x00683402+510050]
Ordinal0 [0x0057F29C+1110684]
Ordinal0 [0x0058938B+1151883]
Ordinal0 [0x005894F3+1152243]
Ordinal0 [0x005883F5+1147893]
BaseThreadInitThunk [0x74E46359+25]
RtlGetAppContainerNamedObjectPath [0x776A7B74+228]
RtlGetAppContainerNamedObjectPath [0x776A7B44+180]

at org.openqa.selenium.remote.W3CHandshakeResponse.lambda$new$0(W3CHandshakeResponse.java:57)
at org.openqa.selenium.remote.W3CHandshakeResponse.lambda$getResponseFunction$2(W3CHandshakeResponse.java:104)
at org.openqa.selenium.remote.ProtocolHandshake.lambda$createSession$24(ProtocolHandshake.java:359)
at java.util.stream.ReferencePipeline$3$1.accept(Unknown Source)
at java.util.Spliterators$ArraySpliterator.tryAdvance(Unknown Source)
at java.util.stream.ReferencePipeline.forEachWithCancel(Unknown Source)
at java.util.stream.AbstractPipeline.copyIntoWithCancel(Unknown Source)
at java.util.stream.AbstractPipeline.copyInto(Unknown Source)
at java.util.stream.AbstractPipeline.wrapAndCopyInto(Unknown Source)
at java.util.stream.FindOps$FindOp.evaluateSequential(Unknown Source)
at java.util.stream.AbstractPipeline.evaluate(Unknown Source)
at java.util.stream.ReferencePipeline.findFirst(Unknown Source)
at org.openqa.selenium.remote.ProtocolHandshake.createSession(ProtocolHandshake.java:362)
at org.openqa.selenium.remote.ProtocolHandshake.createSession(ProtocolHandshake.java:136)
at org.openqa.selenium.remote.HttpCommandExecutor.execute(HttpCommandExecutor.java:142)
at org.openqa.selenium.remote.service.DriverCommandExecutor.execute(DriverCommandExecutor.java:83)
at org.openqa.selenium.remote.RemoteWebDriver.execute(RemoteWebDriver.java:586)
at org.openqa.selenium.remote.RemoteWebDriver.startSession(RemoteWebDriver.java:217)
at org.openqa.selenium.remote.RemoteWebDriver.<init>(RemoteWebDriver.java:140)
at org.openqa.selenium.chrome.ChromeDriver.<init>(ChromeDriver.java:181)
at org.openqa.selenium.chrome.ChromeDriver.<init>(ChromeDriver.java:168)
at org.openqa.selenium.chrome.ChromeDriver.<init>(ChromeDriver.java:157)
at OrdersTestcases.BrowserInitiation.StartBrowser(BrowserInitiation.java:33)
at Master.OrdersExecution1.Startup(OrdersExecution1.java:54)
... Removed 28 stack frames]]>
    </failure>
  </testcase> <!-- @BeforeTest Startup -->
  <testcase name="@AfterMethod getResult" time="-1.582225183926E9" classname="Master.CRMExecution">
    <skipped/>
  </testcase> <!-- @AfterMethod getResult -->
  <testcase name="@AfterMethod getResult" time="-1.582225183954E9" classname="Master.CRMExecution">
    <skipped/>
  </testcase> <!-- @AfterMethod getResult -->
  <testcase name="@AfterMethod getResult" time="-1.582225183978E9" classname="Master.CRMExecution">
    <skipped/>
  </testcase> <!-- @AfterMethod getResult -->
  <testcase name="@AfterMethod getResult" time="-1.582225183994E9" classname="Master.CRMExecution">
    <skipped/>
  </testcase> <!-- @AfterMethod getResult -->
  <testcase name="@AfterMethod getResult" time="-1.582225184018E9" classname="Master.CRMExecution">
    <skipped/>
  </testcase> <!-- @AfterMethod getResult -->
  <testcase name="@AfterMethod getResult" time="-1.582225184034E9" classname="Master.CRMExecution">
    <skipped/>
  </testcase> <!-- @AfterMethod getResult -->
  <testcase name="@AfterMethod getResult" time="-1.582225184038E9" classname="Master.CRMExecution">
    <skipped/>
  </testcase> <!-- @AfterMethod getResult -->
  <testcase name="@AfterMethod getResult" time="-1.58222518407E9" classname="Master.CRMExecution">
    <skipped/>
  </testcase> <!-- @AfterMethod getResult -->
  <testcase name="@AfterMethod getResult" time="-1.582225184082E9" classname="Master.OrdersExecution1">
    <skipped/>
  </testcase> <!-- @AfterMethod getResult -->
  <testcase name="@AfterMethod getResult" time="-1.582225184086E9" classname="Master.OrdersExecution1">
    <skipped/>
  </testcase> <!-- @AfterMethod getResult -->
  <testcase name="@AfterMethod getResult" time="-1.58222518409E9" classname="Master.OrdersExecution1">
    <skipped/>
  </testcase> <!-- @AfterMethod getResult -->
  <testcase name="@AfterMethod getResult" time="-1.582225184094E9" classname="Master.OrdersExecution1">
    <skipped/>
  </testcase> <!-- @AfterMethod getResult -->
  <testcase name="@AfterMethod getResult" time="-1.582225184098E9" classname="Master.OrdersExecution1">
    <skipped/>
  </testcase> <!-- @AfterMethod getResult -->
  <testcase name="@AfterMethod getResult" time="-1.582225184102E9" classname="Master.OrdersExecution1">
    <skipped/>
  </testcase> <!-- @AfterMethod getResult -->
  <testcase name="@AfterMethod getResult" time="-1.582225184106E9" classname="Master.OrdersExecution1">
    <skipped/>
  </testcase> <!-- @AfterMethod getResult -->
  <testcase name="@AfterMethod getResult" time="-1.58222518411E9" classname="Master.OrdersExecution1">
    <skipped/>
  </testcase> <!-- @AfterMethod getResult -->
  <testcase name="@AfterMethod getResult" time="-1.582225184118E9" classname="Master.OrdersExecution1">
    <skipped/>
  </testcase> <!-- @AfterMethod getResult -->
  <testcase name="@AfterMethod getResult" time="-1.582225184122E9" classname="Master.OrdersExecution1">
    <skipped/>
  </testcase> <!-- @AfterMethod getResult -->
  <testcase name="@AfterMethod getResult" time="-1.582225184138E9" classname="Master.OrdersExecution1">
    <skipped/>
  </testcase> <!-- @AfterMethod getResult -->
  <testcase name="@AfterMethod getResult" time="-1.582225184142E9" classname="Master.OrdersExecution1">
    <skipped/>
  </testcase> <!-- @AfterMethod getResult -->
  <testcase name="@AfterTest endReport" time="-1.582225184146E9" classname="Master.CRMExecution">
    <skipped/>
  </testcase> <!-- @AfterTest endReport -->
  <testcase name="@AfterTest teardown" time="-1.582225184146E9" classname="Master.OrdersExecution1">
    <skipped/>
  </testcase> <!-- @AfterTest teardown -->
  <testcase name="LoginIdaho" time="0.0" classname="Master.CRMExecution">
    <skipped/>
  </testcase> <!-- LoginIdaho -->
  <testcase name="VerifyOrdersDomain" time="0.0" classname="Master.CRMExecution">
    <skipped/>
  </testcase> <!-- VerifyOrdersDomain -->
  <testcase name="DefaultTask" time="0.0" classname="Master.CRMExecution">
    <skipped/>
  </testcase> <!-- DefaultTask -->
  <testcase name="CreateTeam" time="0.0" classname="Master.CRMExecution">
    <skipped/>
  </testcase> <!-- CreateTeam -->
  <testcase name="ValidatingCompanyRequiredField" time="0.0" classname="Master.CRMExecution">
    <skipped/>
  </testcase> <!-- ValidatingCompanyRequiredField -->
  <testcase name="VerifyStateDDwrtCountry" time="0.0" classname="Master.CRMExecution">
    <skipped/>
  </testcase> <!-- VerifyStateDDwrtCountry -->
  <testcase name="CreateCustomerCompany" time="0.0" classname="Master.CRMExecution">
    <skipped/>
  </testcase> <!-- CreateCustomerCompany -->
  <testcase name="CreateContactUnderCompany" time="0.0" classname="Master.CRMExecution">
    <skipped/>
  </testcase> <!-- CreateContactUnderCompany -->
  <testcase name="VerifyPrimaryEmailInOrder" time="0.0" classname="Master.CRMExecution">
    <skipped/>
  </testcase> <!-- VerifyPrimaryEmailInOrder -->
  <testcase name="DeleteCustomerCompany" time="0.0" classname="Master.CRMExecution">
    <skipped/>
  </testcase> <!-- DeleteCustomerCompany -->
  <testcase name="CreateSupplierCompany" time="0.0" classname="Master.CRMExecution">
    <skipped/>
  </testcase> <!-- CreateSupplierCompany -->
  <testcase name="LoginApp" time="0.0" classname="Master.OrdersExecution1">
    <skipped/>
  </testcase> <!-- LoginApp -->
  <testcase name="OrdersListing_SearchOrderField_PlaceholderVerification" time="0.0" classname="Master.OrdersExecution1">
    <skipped/>
  </testcase> <!-- OrdersListing_SearchOrderField_PlaceholderVerification -->
  <testcase name="Settings_AutomaticSalesTaxChecked" time="0.0" classname="Master.OrdersExecution1">
    <skipped/>
  </testcase> <!-- Settings_AutomaticSalesTaxChecked -->
  <testcase name="Percentage_square_in_Orders_SummaryWidget_ToolTip_TextVerification" time="0.0" classname="Master.OrdersExecution1">
    <skipped/>
  </testcase> <!-- Percentage_square_in_Orders_SummaryWidget_ToolTip_TextVerification -->
  <testcase name="Percentage_circle_inOrdersSummary_Widget_ToolTip_TextVerification" time="0.0" classname="Master.OrdersExecution1">
    <skipped/>
  </testcase> <!-- Percentage_circle_inOrdersSummary_Widget_ToolTip_TextVerification -->
  <testcase name="PayWith_ElectronicFundsOption_DropdownValueVerification" time="0.0" classname="Master.OrdersExecution1">
    <skipped/>
  </testcase> <!-- PayWith_ElectronicFundsOption_DropdownValueVerification -->
  <testcase name="ShipVia_LoomisGroundOption_DropdownValueVerifcation" time="0.0" classname="Master.OrdersExecution1">
    <skipped/>
  </testcase> <!-- ShipVia_LoomisGroundOption_DropdownValueVerifcation -->
  <testcase name="OrderSaving_WithoutSalesPerson_ValidationVerification" time="0.0" classname="Master.OrdersExecution1">
    <skipped/>
  </testcase> <!-- OrderSaving_WithoutSalesPerson_ValidationVerification -->
  <testcase name="UploadDSTFileOrders_Orderlevel" time="0.0" classname="Master.OrdersExecution1">
    <skipped/>
  </testcase> <!-- UploadDSTFileOrders_Orderlevel -->
  <testcase name="InvalidFileUpload_ErrorMessageDisplayVerification" time="0.0" classname="Master.OrdersExecution1">
    <skipped/>
  </testcase> <!-- InvalidFileUpload_ErrorMessageDisplayVerification -->
  <testcase name="UploadSVGFileOrders_Orderlevel" time="0.0" classname="Master.OrdersExecution1">
    <skipped/>
  </testcase> <!-- UploadSVGFileOrders_Orderlevel -->
  <testcase name="Upload_AIExtensionFile" time="0.0" classname="Master.OrdersExecution1">
    <skipped/>
  </testcase> <!-- Upload_AIExtensionFile -->
</testsuite> <!-- Some Workflow Tests 1 -->
