<?xml version="1.0" encoding="UTF-8"?>
<testng-results ignored="0" total="8" passed="7" failed="1" skipped="0">
  <reporter-output>
  </reporter-output>
  <suite started-at="2022-04-08T15:47:42 PKT" name="Default suite" finished-at="2022-04-08T15:59:59 PKT" duration-ms="736876">
    <groups>
    </groups>
    <test started-at="2022-04-08T15:47:42 PKT" name="Default test" finished-at="2022-04-08T15:59:59 PKT" duration-ms="736876">
      <class name="Master.Level2HighLevelCRMOrdersChecks">
        <test-method is-config="true" signature="Startup()[pri:0, instance:Master.Level2HighLevelCRMOrdersChecks@50ad3bc1]" started-at="2022-04-08T15:47:42 PKT" name="Startup" finished-at="2022-04-08T15:48:13 PKT" duration-ms="31080" status="PASS">
          <reporter-output>
          </reporter-output>
        </test-method> <!-- Startup -->
        <test-method signature="LoginIdaho()[pri:0, instance:Master.Level2HighLevelCRMOrdersChecks@50ad3bc1]" started-at="2022-04-08T15:48:13 PKT" name="LoginIdaho" description="Validate that user is able to login with orders application successfully" finished-at="2022-04-08T15:48:20 PKT" duration-ms="6927" status="PASS">
          <reporter-output>
          </reporter-output>
        </test-method> <!-- LoginIdaho -->
        <test-method is-config="true" signature="getResult(org.testng.ITestResult)[pri:0, instance:Master.Level2HighLevelCRMOrdersChecks@50ad3bc1]" started-at="2022-04-08T15:48:20 PKT" name="getResult" finished-at="2022-04-08T15:48:26 PKT" duration-ms="5443" status="PASS">
          <params>
            <param index="0">
              <value>
                <![CDATA[[TestResult name=LoginIdaho status=SUCCESS method=Level2HighLevelCRMOrdersChecks.LoginIdaho()[pri:0, instance:Master.Level2HighLevelCRMOrdersChecks@50ad3bc1] output={null}]]]>
              </value>
            </param>
          </params>
          <reporter-output>
          </reporter-output>
        </test-method> <!-- getResult -->
        <test-method signature="UploadDSTFiles_Orderlevel()[pri:2, instance:Master.Level2HighLevelCRMOrdersChecks@50ad3bc1]" started-at="2022-04-08T15:48:26 PKT" name="UploadDSTFiles_Orderlevel" description="Validate that user is able to upload DSTFile successfully" finished-at="2022-04-08T15:53:05 PKT" duration-ms="279623" status="PASS">
          <reporter-output>
          </reporter-output>
        </test-method> <!-- UploadDSTFiles_Orderlevel -->
        <test-method is-config="true" signature="getResult(org.testng.ITestResult)[pri:0, instance:Master.Level2HighLevelCRMOrdersChecks@50ad3bc1]" started-at="2022-04-08T15:53:05 PKT" name="getResult" finished-at="2022-04-08T15:53:06 PKT" duration-ms="305" status="PASS">
          <params>
            <param index="0">
              <value>
                <![CDATA[[TestResult name=UploadDSTFiles_Orderlevel status=SUCCESS method=Level2HighLevelCRMOrdersChecks.UploadDSTFiles_Orderlevel()[pri:2, instance:Master.Level2HighLevelCRMOrdersChecks@50ad3bc1] output={null}]]]>
              </value>
            </param>
          </params>
          <reporter-output>
          </reporter-output>
        </test-method> <!-- getResult -->
        <test-method signature="Product_AddedTo_Order()[pri:3, instance:Master.Level2HighLevelCRMOrdersChecks@50ad3bc1]" started-at="2022-04-08T15:53:06 PKT" name="Product_AddedTo_Order" description="Validate that user is able to Add product in order" finished-at="2022-04-08T15:53:59 PKT" duration-ms="53830" status="PASS">
          <reporter-output>
          </reporter-output>
        </test-method> <!-- Product_AddedTo_Order -->
        <test-method is-config="true" signature="getResult(org.testng.ITestResult)[pri:0, instance:Master.Level2HighLevelCRMOrdersChecks@50ad3bc1]" started-at="2022-04-08T15:53:59 PKT" name="getResult" finished-at="2022-04-08T15:54:00 PKT" duration-ms="487" status="PASS">
          <params>
            <param index="0">
              <value>
                <![CDATA[[TestResult name=Product_AddedTo_Order status=SUCCESS method=Level2HighLevelCRMOrdersChecks.Product_AddedTo_Order()[pri:3, instance:Master.Level2HighLevelCRMOrdersChecks@50ad3bc1] output={null}]]]>
              </value>
            </param>
          </params>
          <reporter-output>
          </reporter-output>
        </test-method> <!-- getResult -->
        <test-method signature="Purchase_OrderPreview_Verification()[pri:4, instance:Master.Level2HighLevelCRMOrdersChecks@50ad3bc1]" started-at="2022-04-08T15:54:00 PKT" name="Purchase_OrderPreview_Verification" description="Validate that user is able to preview purchase order document successfully" finished-at="2022-04-08T15:58:13 PKT" duration-ms="253596" status="FAIL">
          <exception class="org.openqa.selenium.NoSuchElementException">
            <message>
              <![CDATA[no such element: Unable to locate element: {"method":"xpath","selector":"//span[contains(@class,'doc-title')]"}
  (Session info: chrome=100.0.4896.75)
For documentation on this error, please visit: http://seleniumhq.org/exceptions/no_such_element.html
Build info: version: '3.6.0', revision: '6fbf3ec767', time: '2017-09-27T15:28:36.4Z'
System info: host: 'MACPK-WKS-0135', ip: '192.168.27.89', os.name: 'Windows 10', os.arch: 'amd64', os.version: '10.0', java.version: '15.0.1'
Driver info: org.openqa.selenium.chrome.ChromeDriver
Capabilities [{networkConnectionEnabled=false, chrome={chromedriverVersion=100.0.4896.60 (6a5d10861ce8de5fce22564658033b43cb7de047-refs/branch-heads/4896@{#875}), userDataDir=C:\Users\BAKHTA~1.NAZ\AppData\Local\Temp\scoped_dir11892_2124142347}, timeouts={implicit=0, pageLoad=300000, script=30000}, pageLoadStrategy=normal, unhandledPromptBehavior=dismiss and notify, strictFileInteractability=false, platform=WINDOWS, proxy=Proxy(), goog:chromeOptions={debuggerAddress=localhost:55668}, webauthn:extension:credBlob=true, acceptInsecureCerts=false, browserVersion=100.0.4896.75, browserName=chrome, javascriptEnabled=true, platformName=WINDOWS, setWindowRect=true, webauthn:extension:largeBlob=true, webauthn:virtualAuthenticators=true}]
Session ID: 38135e8c99e19574326e0d959ac51936
*** Element info: {Using=xpath, value=//span[contains(@class,'doc-title')]}]]>
            </message>
            <full-stacktrace>
              <![CDATA[org.openqa.selenium.NoSuchElementException: no such element: Unable to locate element: {"method":"xpath","selector":"//span[contains(@class,'doc-title')]"}
  (Session info: chrome=100.0.4896.75)
For documentation on this error, please visit: http://seleniumhq.org/exceptions/no_such_element.html
Build info: version: '3.6.0', revision: '6fbf3ec767', time: '2017-09-27T15:28:36.4Z'
System info: host: 'MACPK-WKS-0135', ip: '192.168.27.89', os.name: 'Windows 10', os.arch: 'amd64', os.version: '10.0', java.version: '15.0.1'
Driver info: org.openqa.selenium.chrome.ChromeDriver
Capabilities [{networkConnectionEnabled=false, chrome={chromedriverVersion=100.0.4896.60 (6a5d10861ce8de5fce22564658033b43cb7de047-refs/branch-heads/4896@{#875}), userDataDir=C:\Users\BAKHTA~1.NAZ\AppData\Local\Temp\scoped_dir11892_2124142347}, timeouts={implicit=0, pageLoad=300000, script=30000}, pageLoadStrategy=normal, unhandledPromptBehavior=dismiss and notify, strictFileInteractability=false, platform=WINDOWS, proxy=Proxy(), goog:chromeOptions={debuggerAddress=localhost:55668}, webauthn:extension:credBlob=true, acceptInsecureCerts=false, browserVersion=100.0.4896.75, browserName=chrome, javascriptEnabled=true, platformName=WINDOWS, setWindowRect=true, webauthn:extension:largeBlob=true, webauthn:virtualAuthenticators=true}]
Session ID: 38135e8c99e19574326e0d959ac51936
*** Element info: {Using=xpath, value=//span[contains(@class,'doc-title')]}
at java.base/jdk.internal.reflect.NativeConstructorAccessorImpl.newInstance0(Native Method)
at java.base/jdk.internal.reflect.NativeConstructorAccessorImpl.newInstance(NativeConstructorAccessorImpl.java:64)
at java.base/jdk.internal.reflect.DelegatingConstructorAccessorImpl.newInstance(DelegatingConstructorAccessorImpl.java:45)
at java.base/java.lang.reflect.Constructor.newInstanceWithCaller(Constructor.java:500)
at java.base/java.lang.reflect.Constructor.newInstance(Constructor.java:481)
at org.openqa.selenium.remote.http.W3CHttpResponseCodec.createException(W3CHttpResponseCodec.java:185)
at org.openqa.selenium.remote.http.W3CHttpResponseCodec.decode(W3CHttpResponseCodec.java:120)
at org.openqa.selenium.remote.http.W3CHttpResponseCodec.decode(W3CHttpResponseCodec.java:49)
at org.openqa.selenium.remote.HttpCommandExecutor.execute(HttpCommandExecutor.java:164)
at org.openqa.selenium.remote.service.DriverCommandExecutor.execute(DriverCommandExecutor.java:83)
at org.openqa.selenium.remote.RemoteWebDriver.execute(RemoteWebDriver.java:586)
at org.openqa.selenium.remote.RemoteWebDriver.findElement(RemoteWebDriver.java:356)
at org.openqa.selenium.remote.RemoteWebDriver.findElementByXPath(RemoteWebDriver.java:458)
at org.openqa.selenium.By$ByXPath.findElement(By.java:361)
at org.openqa.selenium.remote.RemoteWebDriver.findElement(RemoteWebDriver.java:348)
at org.openqa.selenium.support.pagefactory.DefaultElementLocator.findElement(DefaultElementLocator.java:69)
at org.openqa.selenium.support.pagefactory.internal.LocatingElementHandler.invoke(LocatingElementHandler.java:38)
at com.sun.proxy.$Proxy14.getText(Unknown Source)
at CrmTestCases.L2CRMOrders.Purchase_Order_Preview_Verification(L2CRMOrders.java:205)
at Master.Level2HighLevelCRMOrdersChecks.Purchase_OrderPreview_Verification(Level2HighLevelCRMOrdersChecks.java:61)
at java.base/jdk.internal.reflect.NativeMethodAccessorImpl.invoke0(Native Method)
at java.base/jdk.internal.reflect.NativeMethodAccessorImpl.invoke(NativeMethodAccessorImpl.java:64)
at java.base/jdk.internal.reflect.DelegatingMethodAccessorImpl.invoke(DelegatingMethodAccessorImpl.java:43)
at java.base/java.lang.reflect.Method.invoke(Method.java:564)
at org.testng.internal.MethodInvocationHelper.invokeMethod(MethodInvocationHelper.java:132)
at org.testng.internal.TestInvoker.invokeMethod(TestInvoker.java:599)
at org.testng.internal.TestInvoker.invokeTestMethod(TestInvoker.java:174)
at org.testng.internal.MethodRunner.runInSequence(MethodRunner.java:46)
at org.testng.internal.TestInvoker$MethodInvocationAgent.invoke(TestInvoker.java:822)
at org.testng.internal.TestInvoker.invokeTestMethods(TestInvoker.java:147)
at org.testng.internal.TestMethodWorker.invokeTestMethods(TestMethodWorker.java:146)
at org.testng.internal.TestMethodWorker.run(TestMethodWorker.java:128)
at java.base/java.util.ArrayList.forEach(ArrayList.java:1511)
at org.testng.TestRunner.privateRun(TestRunner.java:764)
at org.testng.TestRunner.run(TestRunner.java:585)
at org.testng.SuiteRunner.runTest(SuiteRunner.java:384)
at org.testng.SuiteRunner.runSequentially(SuiteRunner.java:378)
at org.testng.SuiteRunner.privateRun(SuiteRunner.java:337)
at org.testng.SuiteRunner.run(SuiteRunner.java:286)
at org.testng.SuiteRunnerWorker.runSuite(SuiteRunnerWorker.java:53)
at org.testng.SuiteRunnerWorker.run(SuiteRunnerWorker.java:96)
at org.testng.TestNG.runSuitesSequentially(TestNG.java:1218)
at org.testng.TestNG.runSuitesLocally(TestNG.java:1140)
at org.testng.TestNG.runSuites(TestNG.java:1069)
at org.testng.TestNG.run(TestNG.java:1037)
at org.testng.remote.AbstractRemoteTestNG.run(AbstractRemoteTestNG.java:115)
at org.testng.remote.RemoteTestNG.initAndRun(RemoteTestNG.java:251)
at org.testng.remote.RemoteTestNG.main(RemoteTestNG.java:77)
]]>
            </full-stacktrace>
          </exception> <!-- org.openqa.selenium.NoSuchElementException -->
          <reporter-output>
          </reporter-output>
        </test-method> <!-- Purchase_OrderPreview_Verification -->
        <test-method is-config="true" signature="getResult(org.testng.ITestResult)[pri:0, instance:Master.Level2HighLevelCRMOrdersChecks@50ad3bc1]" started-at="2022-04-08T15:58:14 PKT" name="getResult" finished-at="2022-04-08T15:58:14 PKT" duration-ms="709" status="PASS">
          <params>
            <param index="0">
              <value>
                <![CDATA[[TestResult name=Purchase_OrderPreview_Verification status=FAILURE method=Level2HighLevelCRMOrdersChecks.Purchase_OrderPreview_Verification()[pri:4, instance:Master.Level2HighLevelCRMOrdersChecks@50ad3bc1] output={null}]]]>
              </value>
            </param>
          </params>
          <reporter-output>
          </reporter-output>
        </test-method> <!-- getResult -->
        <test-method signature="PurchaseOrder_PreviewPOSend()[pri:5, instance:Master.Level2HighLevelCRMOrdersChecks@50ad3bc1]" started-at="2022-04-08T15:58:14 PKT" name="PurchaseOrder_PreviewPOSend" description="Validate that user is able to send purchase order document" finished-at="2022-04-08T15:58:47 PKT" duration-ms="32239" status="PASS">
          <reporter-output>
          </reporter-output>
        </test-method> <!-- PurchaseOrder_PreviewPOSend -->
        <test-method is-config="true" signature="getResult(org.testng.ITestResult)[pri:0, instance:Master.Level2HighLevelCRMOrdersChecks@50ad3bc1]" started-at="2022-04-08T15:58:47 PKT" name="getResult" finished-at="2022-04-08T15:58:47 PKT" duration-ms="203" status="PASS">
          <params>
            <param index="0">
              <value>
                <![CDATA[[TestResult name=PurchaseOrder_PreviewPOSend status=SUCCESS method=Level2HighLevelCRMOrdersChecks.PurchaseOrder_PreviewPOSend()[pri:5, instance:Master.Level2HighLevelCRMOrdersChecks@50ad3bc1] output={null}]]]>
              </value>
            </param>
          </params>
          <reporter-output>
          </reporter-output>
        </test-method> <!-- getResult -->
        <test-method signature="Access_CRM_PurchaseOrderEmailsValidation()[pri:6, instance:Master.Level2HighLevelCRMOrdersChecks@50ad3bc1]" started-at="2022-04-08T15:58:47 PKT" name="Access_CRM_PurchaseOrderEmailsValidation" description="Validate that user is able to view PO sent email under CRM" finished-at="2022-04-08T15:59:07 PKT" duration-ms="20581" status="PASS">
          <reporter-output>
          </reporter-output>
        </test-method> <!-- Access_CRM_PurchaseOrderEmailsValidation -->
        <test-method is-config="true" signature="getResult(org.testng.ITestResult)[pri:0, instance:Master.Level2HighLevelCRMOrdersChecks@50ad3bc1]" started-at="2022-04-08T15:59:07 PKT" name="getResult" finished-at="2022-04-08T15:59:08 PKT" duration-ms="346" status="PASS">
          <params>
            <param index="0">
              <value>
                <![CDATA[[TestResult name=Access_CRM_PurchaseOrderEmailsValidation status=SUCCESS method=Level2HighLevelCRMOrdersChecks.Access_CRM_PurchaseOrderEmailsValidation()[pri:6, instance:Master.Level2HighLevelCRMOrdersChecks@50ad3bc1] output={null}]]]>
              </value>
            </param>
          </params>
          <reporter-output>
          </reporter-output>
        </test-method> <!-- getResult -->
        <test-method signature="Percentage_square_in_Orders_SummaryWidget_ToolTip_TextVerification()[pri:7, instance:Master.Level2HighLevelCRMOrdersChecks@50ad3bc1]" started-at="2022-04-08T15:59:08 PKT" name="Percentage_square_in_Orders_SummaryWidget_ToolTip_TextVerification" description="Validate that user is able to view summary widget tooltip in orders" finished-at="2022-04-08T15:59:41 PKT" duration-ms="33342" status="PASS">
          <reporter-output>
          </reporter-output>
        </test-method> <!-- Percentage_square_in_Orders_SummaryWidget_ToolTip_TextVerification -->
        <test-method is-config="true" signature="getResult(org.testng.ITestResult)[pri:0, instance:Master.Level2HighLevelCRMOrdersChecks@50ad3bc1]" started-at="2022-04-08T15:59:41 PKT" name="getResult" finished-at="2022-04-08T15:59:41 PKT" duration-ms="207" status="PASS">
          <params>
            <param index="0">
              <value>
                <![CDATA[[TestResult name=Percentage_square_in_Orders_SummaryWidget_ToolTip_TextVerification status=SUCCESS method=Level2HighLevelCRMOrdersChecks.Percentage_square_in_Orders_SummaryWidget_ToolTip_TextVerification()[pri:7, instance:Master.Level2HighLevelCRMOrdersChecks@50ad3bc1] output={null}]]]>
              </value>
            </param>
          </params>
          <reporter-output>
          </reporter-output>
        </test-method> <!-- getResult -->
        <test-method signature="Percentage_circle_inOrdersSummary_Widget_ToolTip_TextVerification()[pri:8, instance:Master.Level2HighLevelCRMOrdersChecks@50ad3bc1]" started-at="2022-04-08T15:59:41 PKT" name="Percentage_circle_inOrdersSummary_Widget_ToolTip_TextVerification" description="Validate the summary widget tooltip text" finished-at="2022-04-08T15:59:56 PKT" duration-ms="14898" status="PASS">
          <reporter-output>
          </reporter-output>
        </test-method> <!-- Percentage_circle_inOrdersSummary_Widget_ToolTip_TextVerification -->
        <test-method is-config="true" signature="getResult(org.testng.ITestResult)[pri:0, instance:Master.Level2HighLevelCRMOrdersChecks@50ad3bc1]" started-at="2022-04-08T15:59:56 PKT" name="getResult" finished-at="2022-04-08T15:59:56 PKT" duration-ms="253" status="PASS">
          <params>
            <param index="0">
              <value>
                <![CDATA[[TestResult name=Percentage_circle_inOrdersSummary_Widget_ToolTip_TextVerification status=SUCCESS method=Level2HighLevelCRMOrdersChecks.Percentage_circle_inOrdersSummary_Widget_ToolTip_TextVerification()[pri:8, instance:Master.Level2HighLevelCRMOrdersChecks@50ad3bc1] output={null}]]]>
              </value>
            </param>
          </params>
          <reporter-output>
          </reporter-output>
        </test-method> <!-- getResult -->
        <test-method is-config="true" signature="teardown()[pri:0, instance:Master.Level2HighLevelCRMOrdersChecks@50ad3bc1]" started-at="2022-04-08T15:59:56 PKT" name="teardown" finished-at="2022-04-08T15:59:59 PKT" duration-ms="2285" status="PASS">
          <reporter-output>
          </reporter-output>
        </test-method> <!-- teardown -->
      </class> <!-- Master.Level2HighLevelCRMOrdersChecks -->
    </test> <!-- Default test -->
  </suite> <!-- Default suite -->
</testng-results>
