<?xml version="1.0" encoding="UTF-8"?>
<!-- Generated by org.testng.reporters.JUnitReportReporter -->
<testsuite skipped="0" hostname="macpk-wks-0135" name="Master.OrdersExecution2" tests="91" failures="4" timestamp="2020-02-27T19:58:43 PKT" time="2239.261" errors="4">
  <testcase name="LoginApp" time="30.327" classname="Master.OrdersExecution2"/>
  <testcase name="AutomaticSalesTax_check" time="3.414" classname="Master.OrdersExecution2"/>
  <testcase name="Create_NewOrderStatus" time="5.310" classname="Master.OrdersExecution2"/>
  <testcase name="UploadDSTFiles_Orderlevel" time="76.414" classname="Master.OrdersExecution2"/>
  <testcase name="CreateOrder_OrderStatusDropdown" time="9.849" classname="Master.OrdersExecution2"/>
  <testcase name="CreateOrder_NewOrderStatus_NotesVerification" time="15.935" classname="Master.OrdersExecution2"/>
  <testcase name="Product_AddedTo_Order" time="14.406" classname="Master.OrdersExecution2"/>
  <testcase name="Send_ASI_SmartBookslink_Verification" time="3.004" classname="Master.OrdersExecution2"/>
  <testcase name="CreateOrder" time="59.409" classname="Master.OrdersExecution2"/>
  <testcase name="PNameandSupplierASInoAreClickable" time="0.043" classname="Master.OrdersExecution2"/>
  <testcase name="BackButton" time="16.976" classname="Master.OrdersExecution2"/>
  <testcase name="OrderProductConfig_NewAddCharge_in_Configuration_WithAmount_Verification" time="20.355" classname="Master.OrdersExecution2"/>
  <testcase name="AddVendor_Charge_WithAmount_calculation" time="13.230" classname="Master.OrdersExecution2"/>
  <testcase name="Existing_Artwork_File_UploadVerification" time="33.379" classname="Master.OrdersExecution2"/>
  <testcase name="Artwork_DownloadUnderDecorationTab" time="28.699" classname="Master.OrdersExecution2"/>
  <testcase name="Artwork_FileDeletion" time="51.556" classname="Master.OrdersExecution2"/>
  <testcase name="Decoration_Charge_With_Amountcalculation" time="114.620" classname="Master.OrdersExecution2">
    <failure type="java.lang.AssertionError" message="expected [545.9] but found [540.75]">
      <![CDATA[java.lang.AssertionError: expected [545.9] but found [540.75]
at org.testng.Assert.fail(Assert.java:97)
at org.testng.Assert.assertEqualsImpl(Assert.java:136)
at org.testng.Assert.assertEquals(Assert.java:118)
at org.testng.Assert.assertEquals(Assert.java:563)
at OrdersTestcases.EditOrderProduct_Decoration.Decoration_Charge_With_Amount_calculation(EditOrderProduct_Decoration.java:309)
at Master.OrdersExecution2.Decoration_Charge_With_Amountcalculation(OrdersExecution2.java:177)
at sun.reflect.NativeMethodAccessorImpl.invoke0(Native Method)
at sun.reflect.NativeMethodAccessorImpl.invoke(Unknown Source)
at sun.reflect.DelegatingMethodAccessorImpl.invoke(Unknown Source)
at java.lang.reflect.Method.invoke(Unknown Source)
at org.testng.internal.MethodInvocationHelper.invokeMethod(MethodInvocationHelper.java:133)
at org.testng.internal.TestInvoker.invokeMethod(TestInvoker.java:584)
at org.testng.internal.TestInvoker.invokeTestMethod(TestInvoker.java:172)
at org.testng.internal.MethodRunner.runInSequence(MethodRunner.java:46)
at org.testng.internal.TestInvoker$MethodInvocationAgent.invoke(TestInvoker.java:804)
at org.testng.internal.TestInvoker.invokeTestMethods(TestInvoker.java:145)
at org.testng.internal.TestMethodWorker.invokeTestMethods(TestMethodWorker.java:146)
at org.testng.internal.TestMethodWorker.run(TestMethodWorker.java:128)
at java.util.ArrayList.forEach(Unknown Source)
at org.testng.TestRunner.privateRun(TestRunner.java:770)
at org.testng.TestRunner.run(TestRunner.java:591)
at org.testng.SuiteRunner.runTest(SuiteRunner.java:402)
at org.testng.SuiteRunner.runSequentially(SuiteRunner.java:396)
at org.testng.SuiteRunner.privateRun(SuiteRunner.java:355)
at org.testng.SuiteRunner.run(SuiteRunner.java:304)
at org.testng.SuiteRunnerWorker.runSuite(SuiteRunnerWorker.java:53)
at org.testng.SuiteRunnerWorker.run(SuiteRunnerWorker.java:96)
at org.testng.TestNG.runSuitesSequentially(TestNG.java:1180)
at org.testng.TestNG.runSuitesLocally(TestNG.java:1102)
at org.testng.TestNG.runSuites(TestNG.java:1032)
at org.testng.TestNG.run(TestNG.java:1000)
at org.testng.remote.AbstractRemoteTestNG.run(AbstractRemoteTestNG.java:115)
at org.testng.remote.RemoteTestNG.initAndRun(RemoteTestNG.java:251)
at org.testng.remote.RemoteTestNG.main(RemoteTestNG.java:77)
]]>
    </failure>
  </testcase> <!-- Decoration_Charge_With_Amountcalculation -->
  <testcase name="Verificationof_Decoration_Display_Under_DecorationTab" time="46.377" classname="Master.OrdersExecution2"/>
  <testcase name="AddingInstructions" time="12.807" classname="Master.OrdersExecution2"/>
  <testcase name="InstructionsViewing" time="28.061" classname="Master.OrdersExecution2"/>
  <testcase name="Settings_SalesTaxConfig" time="9.842" classname="Master.OrdersExecution2"/>
  <testcase name="ManualSalesTaxCalculation" time="57.733" classname="Master.OrdersExecution2"/>
  <testcase name="Freight_ServicePopup_Display" time="11.720" classname="Master.OrdersExecution2"/>
  <testcase name="Freight_Title_Field_TextValidation" time="0.086" classname="Master.OrdersExecution2"/>
  <testcase name="Freight_TitleUpdate" time="110.613" classname="Master.OrdersExecution2"/>
  <testcase name="Services_VendorCompanyVerification" time="45.151" classname="Master.OrdersExecution2"/>
  <testcase name="Freight_Service_Add_TaxCalculation_Verification" time="0.198" classname="Master.OrdersExecution2"/>
  <testcase name="Settings_ShippingTaxConfig" time="18.017" classname="Master.OrdersExecution2"/>
  <testcase name="Settings_ShippingTaxCalculationVerify" time="55.314" classname="Master.OrdersExecution2"/>
  <testcase name="TaxCalculationWithServiceTypeCredit" time="99.004" classname="Master.OrdersExecution2"/>
  <testcase name="MultiShippingAddress" time="20.460" classname="Master.OrdersExecution2"/>
  <testcase name="Zero_Quantity_Validation_MessageVerification" time="36.964" classname="Master.OrdersExecution2"/>
  <testcase name="SplitShipment_not_showingin_shippingtab" time="10.012" classname="Master.OrdersExecution2"/>
  <testcase name="SplitShipment_Showing_inPricing_tab" time="5.196" classname="Master.OrdersExecution2"/>
  <testcase name="SplitShipment_Showing_inDecoration_tab" time="6.457" classname="Master.OrdersExecution2"/>
  <testcase name="SplitShipment_Showingin_PurchaseOrder_tab" time="6.384" classname="Master.OrdersExecution2"/>
  <testcase name="TwoPOsCreation" time="116.026" classname="Master.OrdersExecution2"/>
  <testcase name="New_DestinationAddress_WithDifferentCompany" time="0.080" classname="Master.OrdersExecution2"/>
  <testcase name="BlindShip_WithConfirmation" time="30.207" classname="Master.OrdersExecution2"/>
  <testcase name="Purchase_OrderPreview_Verification" time="34.776" classname="Master.OrdersExecution2"/>
  <testcase name="PurchaseOrder_SalesPersonDetailsPreviewVerification" time="5.237" classname="Master.OrdersExecution2">
    <failure type="java.lang.AssertionError" message="did not expect to find [true] but found [false]">
      <![CDATA[java.lang.AssertionError: did not expect to find [true] but found [false]
at org.testng.Assert.fail(Assert.java:97)
at org.testng.Assert.failNotEquals(Assert.java:969)
at org.testng.Assert.assertTrue(Assert.java:43)
at org.testng.Assert.assertTrue(Assert.java:53)
at OrdersTestcases.PurchaseOrderPreview_WithDownloadVerification.PurchaseOrder_SalesPersonDetails_PreviewVerification(PurchaseOrderPreview_WithDownloadVerification.java:117)
at Master.OrdersExecution2.PurchaseOrder_SalesPersonDetailsPreviewVerification(OrdersExecution2.java:324)
at sun.reflect.NativeMethodAccessorImpl.invoke0(Native Method)
at sun.reflect.NativeMethodAccessorImpl.invoke(Unknown Source)
at sun.reflect.DelegatingMethodAccessorImpl.invoke(Unknown Source)
at java.lang.reflect.Method.invoke(Unknown Source)
at org.testng.internal.MethodInvocationHelper.invokeMethod(MethodInvocationHelper.java:133)
at org.testng.internal.TestInvoker.invokeMethod(TestInvoker.java:584)
at org.testng.internal.TestInvoker.invokeTestMethod(TestInvoker.java:172)
at org.testng.internal.MethodRunner.runInSequence(MethodRunner.java:46)
at org.testng.internal.TestInvoker$MethodInvocationAgent.invoke(TestInvoker.java:804)
at org.testng.internal.TestInvoker.invokeTestMethods(TestInvoker.java:145)
at org.testng.internal.TestMethodWorker.invokeTestMethods(TestMethodWorker.java:146)
at org.testng.internal.TestMethodWorker.run(TestMethodWorker.java:128)
at java.util.ArrayList.forEach(Unknown Source)
at org.testng.TestRunner.privateRun(TestRunner.java:770)
at org.testng.TestRunner.run(TestRunner.java:591)
at org.testng.SuiteRunner.runTest(SuiteRunner.java:402)
at org.testng.SuiteRunner.runSequentially(SuiteRunner.java:396)
at org.testng.SuiteRunner.privateRun(SuiteRunner.java:355)
at org.testng.SuiteRunner.run(SuiteRunner.java:304)
at org.testng.SuiteRunnerWorker.runSuite(SuiteRunnerWorker.java:53)
at org.testng.SuiteRunnerWorker.run(SuiteRunnerWorker.java:96)
at org.testng.TestNG.runSuitesSequentially(TestNG.java:1180)
at org.testng.TestNG.runSuitesLocally(TestNG.java:1102)
at org.testng.TestNG.runSuites(TestNG.java:1032)
at org.testng.TestNG.run(TestNG.java:1000)
at org.testng.remote.AbstractRemoteTestNG.run(AbstractRemoteTestNG.java:115)
at org.testng.remote.RemoteTestNG.initAndRun(RemoteTestNG.java:251)
at org.testng.remote.RemoteTestNG.main(RemoteTestNG.java:77)
]]>
    </failure>
  </testcase> <!-- PurchaseOrder_SalesPersonDetailsPreviewVerification -->
  <testcase name="PurchaseOrderPreview_TermsandPaywith" time="94.264" classname="Master.OrdersExecution2"/>
  <testcase name="PurchaseOrderPreview_SplitShipment1_DetailsVerification" time="2.184" classname="Master.OrdersExecution2"/>
  <testcase name="PurchaseOrderPreview_SplitShipment1_DecorationDetailsVerification" time="0.162" classname="Master.OrdersExecution2"/>
  <testcase name="PurchaseOrder_PersonalizationDecorationDocDownload" time="13.887" classname="Master.OrdersExecution2"/>
  <testcase name="PurchaseOrder_AtworkDecorationDocDownload" time="10.508" classname="Master.OrdersExecution2"/>
  <testcase name="PurchaseOrder_PreviewShippingDetailsVerification" time="0.127" classname="Master.OrdersExecution2"/>
  <testcase name="PurchaseOrder_BlindShipVerification" time="0.102" classname="Master.OrdersExecution2"/>
  <testcase name="PurchaseOrder_AtworkPODocDownload" time="38.812" classname="Master.OrdersExecution2"/>
  <testcase name="PurchaseOrder_POPDFDocDownload" time="30.422" classname="Master.OrdersExecution2"/>
  <testcase name="Calculating_TotalPriceOnPreview" time="0.101" classname="Master.OrdersExecution2"/>
  <testcase name="PackingList_DisplayVerification" time="10.495" classname="Master.OrdersExecution2"/>
  <testcase name="PurchaseOrder_PreviewPOSend" time="47.696" classname="Master.OrdersExecution2"/>
  <testcase name="VerifyOrder_CRM" time="18.684" classname="Master.OrdersExecution2"/>
  <testcase name="PurchaseOrder_POSend_POHistroy" time="17.440" classname="Master.OrdersExecution2"/>
  <testcase name="SalesOrderPreviewSalesPersonDetails" time="39.041" classname="Master.OrdersExecution2"/>
  <testcase name="SalesOrder_BillingShippingDetailsPreview" time="2.170" classname="Master.OrdersExecution2"/>
  <testcase name="SalesOrder_BlindshipVerification" time="2.101" classname="Master.OrdersExecution2"/>
  <testcase name="SalesOrderPreview_SplitShipment1_DetailsVerification" time="2.174" classname="Master.OrdersExecution2"/>
  <testcase name="SalesOrderPreview_SplitShipment1_DecorationDetailsVerification" time="2.230" classname="Master.OrdersExecution2"/>
  <testcase name="SalesOrder_PreviewShippingFromDetailsVerification" time="2.189" classname="Master.OrdersExecution2"/>
  <testcase name="SalesOrder_ShippingFrom_BlindShipVerification" time="2.107" classname="Master.OrdersExecution2"/>
  <testcase name="SalesOrderPreview_ShippingToDetailsVerification" time="45.074" classname="Master.OrdersExecution2"/>
  <testcase name="SalesOrderPreviewInstructions" time="2.172" classname="Master.OrdersExecution2"/>
  <testcase name="SalesOrderPreview_ServicesDetailsVerification" time="47.275" classname="Master.OrdersExecution2"/>
  <testcase name="Calculating_TotalPrice_OnSalesPreview" time="2.160" classname="Master.OrdersExecution2">
    <failure type="java.lang.AssertionError" message="expected [25.75] but found [540.75]">
      <![CDATA[java.lang.AssertionError: expected [25.75] but found [540.75]
at org.testng.Assert.fail(Assert.java:97)
at org.testng.Assert.assertEqualsImpl(Assert.java:136)
at org.testng.Assert.assertEquals(Assert.java:118)
at org.testng.Assert.assertEquals(Assert.java:563)
at OrdersTestcases.SalesOrderPreview.Calculating_TotalPrice_On_SalesPreview(SalesOrderPreview.java:312)
at Master.OrdersExecution2.Calculating_TotalPrice_OnSalesPreview(OrdersExecution2.java:462)
at sun.reflect.NativeMethodAccessorImpl.invoke0(Native Method)
at sun.reflect.NativeMethodAccessorImpl.invoke(Unknown Source)
at sun.reflect.DelegatingMethodAccessorImpl.invoke(Unknown Source)
at java.lang.reflect.Method.invoke(Unknown Source)
at org.testng.internal.MethodInvocationHelper.invokeMethod(MethodInvocationHelper.java:133)
at org.testng.internal.TestInvoker.invokeMethod(TestInvoker.java:584)
at org.testng.internal.TestInvoker.invokeTestMethod(TestInvoker.java:172)
at org.testng.internal.MethodRunner.runInSequence(MethodRunner.java:46)
at org.testng.internal.TestInvoker$MethodInvocationAgent.invoke(TestInvoker.java:804)
at org.testng.internal.TestInvoker.invokeTestMethods(TestInvoker.java:145)
at org.testng.internal.TestMethodWorker.invokeTestMethods(TestMethodWorker.java:146)
at org.testng.internal.TestMethodWorker.run(TestMethodWorker.java:128)
at java.util.ArrayList.forEach(Unknown Source)
at org.testng.TestRunner.privateRun(TestRunner.java:770)
at org.testng.TestRunner.run(TestRunner.java:591)
at org.testng.SuiteRunner.runTest(SuiteRunner.java:402)
at org.testng.SuiteRunner.runSequentially(SuiteRunner.java:396)
at org.testng.SuiteRunner.privateRun(SuiteRunner.java:355)
at org.testng.SuiteRunner.run(SuiteRunner.java:304)
at org.testng.SuiteRunnerWorker.runSuite(SuiteRunnerWorker.java:53)
at org.testng.SuiteRunnerWorker.run(SuiteRunnerWorker.java:96)
at org.testng.TestNG.runSuitesSequentially(TestNG.java:1180)
at org.testng.TestNG.runSuitesLocally(TestNG.java:1102)
at org.testng.TestNG.runSuites(TestNG.java:1032)
at org.testng.TestNG.run(TestNG.java:1000)
at org.testng.remote.AbstractRemoteTestNG.run(AbstractRemoteTestNG.java:115)
at org.testng.remote.RemoteTestNG.initAndRun(RemoteTestNG.java:251)
at org.testng.remote.RemoteTestNG.main(RemoteTestNG.java:77)
]]>
    </failure>
  </testcase> <!-- Calculating_TotalPrice_OnSalesPreview -->
  <testcase name="SalesOrder_PDFDocDownload" time="37.405" classname="Master.OrdersExecution2"/>
  <testcase name="PDFAttach_Checkbox_ischecked_bydefault" time="21.868" classname="Master.OrdersExecution2"/>
  <testcase name="SalesOrder_Preview_SalesOrderSend" time="23.066" classname="Master.OrdersExecution2"/>
  <testcase name="AcknowledgementOrder_PreviewSalesPersonDetails" time="35.840" classname="Master.OrdersExecution2"/>
  <testcase name="AckowlodgementPreview_SplitShipment1Details_Verification" time="0.565" classname="Master.OrdersExecution2"/>
  <testcase name="AcknowlodgementPreview_SplitShipment1DecorationDetails_Verification" time="5.108" classname="Master.OrdersExecution2"/>
  <testcase name="Ackowledgement_PreviewShippingFromDetailsVerification" time="0.225" classname="Master.OrdersExecution2"/>
  <testcase name="AckowledgementPreviewInstructions" time="0.133" classname="Master.OrdersExecution2"/>
  <testcase name="AcknowledgementPreview_ServicesDetailsVerification" time="45.140" classname="Master.OrdersExecution2"/>
  <testcase name="Ackowledgement_PersonalizationDecorationDocDownload" time="35.491" classname="Master.OrdersExecution2"/>
  <testcase name="Ackowledgement_PDFDocDownload" time="15.347" classname="Master.OrdersExecution2"/>
  <testcase name="Calculating_TotalPrice_OnAckowledgementPreview" time="0.133" classname="Master.OrdersExecution2"/>
  <testcase name="Acknowledgement_PreviewAckSend" time="39.964" classname="Master.OrdersExecution2"/>
  <testcase name="PurchaseOrder_OrderLevel_POPDFDocDownload" time="47.569" classname="Master.OrdersExecution2"/>
  <testcase name="SalesOrder_PreviewDownloadPopup_PDFDocDownload" time="35.968" classname="Master.OrdersExecution2"/>
  <testcase name="AckowledgementDownloadPopup_PDFDocDownload" time="39.889" classname="Master.OrdersExecution2"/>
  <testcase name="Tax_not_calculating_if_Canadian_address_is_notmatching" time="38.800" classname="Master.OrdersExecution2">
    <error type="org.openqa.selenium.ElementClickInterceptedException" message="element click intercepted: Element &lt;button type=&quot;button&quot; class=&quot;btn btn-primary ng-scope&quot; ng-click=&quot;vm.done(orderContactForm.$valid)&quot; translate=&quot;BUTTONS.SAVE&quot;&gt;...&lt;/button&gt; is not clickable at point (913, 547). Other element would receive the click: &lt;div&gt;...&lt;/div&gt;
  (Session info: chrome=79.0.3945.130)
Build info: version: &#039;3.6.0&#039;, revision: &#039;6fbf3ec767&#039;, time: &#039;2017-09-27T15:28:36.4Z&#039;
System info: host: &#039;MACPK-WKS-0135&#039;, ip: &#039;172.25.178.206&#039;, os.name: &#039;Windows 10&#039;, os.arch: &#039;amd64&#039;, os.version: &#039;10.0&#039;, java.version: &#039;1.8.0_131&#039;
Driver info: org.openqa.selenium.chrome.ChromeDriver
Capabilities [{networkConnectionEnabled=false, chrome={chromedriverVersion=79.0.3945.36 (3582db32b33893869b8c1339e8f4d9ed1816f143-refs/branch-heads/3945@{#614}), userDataDir=C:\Users\BAKHTA~1.NAZ\AppData\Local\Temp\scoped_dir9180_793521551}, timeouts={implicit=0, pageLoad=300000, script=30000}, pageLoadStrategy=normal, unhandledPromptBehavior=dismiss and notify, strictFileInteractability=false, platform=WINDOWS, proxy=Proxy(), goog:chromeOptions={debuggerAddress=localhost:11724}, acceptInsecureCerts=false, browserVersion=79.0.3945.130, browserName=chrome, javascriptEnabled=true, platformName=WINDOWS, setWindowRect=true}]
Session ID: 01ed65cc788611d769646cb2ad33cb16">
      <![CDATA[org.openqa.selenium.ElementClickInterceptedException: element click intercepted: Element <button type="button" class="btn btn-primary ng-scope" ng-click="vm.done(orderContactForm.$valid)" translate="BUTTONS.SAVE">...</button> is not clickable at point (913, 547). Other element would receive the click: <div>...</div>
  (Session info: chrome=79.0.3945.130)
Build info: version: '3.6.0', revision: '6fbf3ec767', time: '2017-09-27T15:28:36.4Z'
System info: host: 'MACPK-WKS-0135', ip: '172.25.178.206', os.name: 'Windows 10', os.arch: 'amd64', os.version: '10.0', java.version: '1.8.0_131'
Driver info: org.openqa.selenium.chrome.ChromeDriver
Capabilities [{networkConnectionEnabled=false, chrome={chromedriverVersion=79.0.3945.36 (3582db32b33893869b8c1339e8f4d9ed1816f143-refs/branch-heads/3945@{#614}), userDataDir=C:\Users\BAKHTA~1.NAZ\AppData\Local\Temp\scoped_dir9180_793521551}, timeouts={implicit=0, pageLoad=300000, script=30000}, pageLoadStrategy=normal, unhandledPromptBehavior=dismiss and notify, strictFileInteractability=false, platform=WINDOWS, proxy=Proxy(), goog:chromeOptions={debuggerAddress=localhost:11724}, acceptInsecureCerts=false, browserVersion=79.0.3945.130, browserName=chrome, javascriptEnabled=true, platformName=WINDOWS, setWindowRect=true}]
Session ID: 01ed65cc788611d769646cb2ad33cb16
at sun.reflect.NativeConstructorAccessorImpl.newInstance0(Native Method)
at sun.reflect.NativeConstructorAccessorImpl.newInstance(Unknown Source)
at sun.reflect.DelegatingConstructorAccessorImpl.newInstance(Unknown Source)
at java.lang.reflect.Constructor.newInstance(Unknown Source)
at org.openqa.selenium.remote.http.W3CHttpResponseCodec.createException(W3CHttpResponseCodec.java:185)
at org.openqa.selenium.remote.http.W3CHttpResponseCodec.decode(W3CHttpResponseCodec.java:120)
at org.openqa.selenium.remote.http.W3CHttpResponseCodec.decode(W3CHttpResponseCodec.java:49)
at org.openqa.selenium.remote.HttpCommandExecutor.execute(HttpCommandExecutor.java:164)
at org.openqa.selenium.remote.service.DriverCommandExecutor.execute(DriverCommandExecutor.java:83)
at org.openqa.selenium.remote.RemoteWebDriver.execute(RemoteWebDriver.java:586)
at org.openqa.selenium.remote.RemoteWebElement.execute(RemoteWebElement.java:279)
at org.openqa.selenium.remote.RemoteWebElement.click(RemoteWebElement.java:83)
at sun.reflect.GeneratedMethodAccessor20.invoke(Unknown Source)
at sun.reflect.DelegatingMethodAccessorImpl.invoke(Unknown Source)
at java.lang.reflect.Method.invoke(Unknown Source)
at org.openqa.selenium.support.pagefactory.internal.LocatingElementHandler.invoke(LocatingElementHandler.java:51)
at com.sun.proxy.$Proxy10.click(Unknown Source)
at OrdersTestcases.CreateOrderwhenAddressnotmatching.Tax_not_calculating_if_Canadian_address_is_not_matching(CreateOrderwhenAddressnotmatching.java:56)
at Master.OrdersExecution2.Tax_not_calculating_if_Canadian_address_is_notmatching(OrdersExecution2.java:553)
at sun.reflect.NativeMethodAccessorImpl.invoke0(Native Method)
at sun.reflect.NativeMethodAccessorImpl.invoke(Unknown Source)
at sun.reflect.DelegatingMethodAccessorImpl.invoke(Unknown Source)
at java.lang.reflect.Method.invoke(Unknown Source)
at org.testng.internal.MethodInvocationHelper.invokeMethod(MethodInvocationHelper.java:133)
at org.testng.internal.TestInvoker.invokeMethod(TestInvoker.java:584)
at org.testng.internal.TestInvoker.invokeTestMethod(TestInvoker.java:172)
at org.testng.internal.MethodRunner.runInSequence(MethodRunner.java:46)
at org.testng.internal.TestInvoker$MethodInvocationAgent.invoke(TestInvoker.java:804)
at org.testng.internal.TestInvoker.invokeTestMethods(TestInvoker.java:145)
at org.testng.internal.TestMethodWorker.invokeTestMethods(TestMethodWorker.java:146)
at org.testng.internal.TestMethodWorker.run(TestMethodWorker.java:128)
at java.util.ArrayList.forEach(Unknown Source)
at org.testng.TestRunner.privateRun(TestRunner.java:770)
at org.testng.TestRunner.run(TestRunner.java:591)
at org.testng.SuiteRunner.runTest(SuiteRunner.java:402)
at org.testng.SuiteRunner.runSequentially(SuiteRunner.java:396)
at org.testng.SuiteRunner.privateRun(SuiteRunner.java:355)
at org.testng.SuiteRunner.run(SuiteRunner.java:304)
at org.testng.SuiteRunnerWorker.runSuite(SuiteRunnerWorker.java:53)
at org.testng.SuiteRunnerWorker.run(SuiteRunnerWorker.java:96)
at org.testng.TestNG.runSuitesSequentially(TestNG.java:1180)
at org.testng.TestNG.runSuitesLocally(TestNG.java:1102)
at org.testng.TestNG.runSuites(TestNG.java:1032)
at org.testng.TestNG.run(TestNG.java:1000)
at org.testng.remote.AbstractRemoteTestNG.run(AbstractRemoteTestNG.java:115)
at org.testng.remote.RemoteTestNG.initAndRun(RemoteTestNG.java:251)
at org.testng.remote.RemoteTestNG.main(RemoteTestNG.java:77)
]]>
    </error>
  </testcase> <!-- Tax_not_calculating_if_Canadian_address_is_notmatching -->
  <testcase name="Tax_is_not_calculating_if_Canadian_addressisnotmatching" time="22.562" classname="Master.OrdersExecution2">
    <error type="org.openqa.selenium.ElementClickInterceptedException" message="element click intercepted: Element &lt;button type=&quot;button&quot; class=&quot;btn btn-primary ng-scope&quot; ng-click=&quot;vm.done(orderContactForm.$valid)&quot; translate=&quot;BUTTONS.SAVE&quot;&gt;...&lt;/button&gt; is not clickable at point (913, 547). Other element would receive the click: &lt;div&gt;...&lt;/div&gt;
  (Session info: chrome=79.0.3945.130)
Build info: version: &#039;3.6.0&#039;, revision: &#039;6fbf3ec767&#039;, time: &#039;2017-09-27T15:28:36.4Z&#039;
System info: host: &#039;MACPK-WKS-0135&#039;, ip: &#039;172.25.178.206&#039;, os.name: &#039;Windows 10&#039;, os.arch: &#039;amd64&#039;, os.version: &#039;10.0&#039;, java.version: &#039;1.8.0_131&#039;
Driver info: org.openqa.selenium.chrome.ChromeDriver
Capabilities [{networkConnectionEnabled=false, chrome={chromedriverVersion=79.0.3945.36 (3582db32b33893869b8c1339e8f4d9ed1816f143-refs/branch-heads/3945@{#614}), userDataDir=C:\Users\BAKHTA~1.NAZ\AppData\Local\Temp\scoped_dir9180_793521551}, timeouts={implicit=0, pageLoad=300000, script=30000}, pageLoadStrategy=normal, unhandledPromptBehavior=dismiss and notify, strictFileInteractability=false, platform=WINDOWS, proxy=Proxy(), goog:chromeOptions={debuggerAddress=localhost:11724}, acceptInsecureCerts=false, browserVersion=79.0.3945.130, browserName=chrome, javascriptEnabled=true, platformName=WINDOWS, setWindowRect=true}]
Session ID: 01ed65cc788611d769646cb2ad33cb16">
      <![CDATA[org.openqa.selenium.ElementClickInterceptedException: element click intercepted: Element <button type="button" class="btn btn-primary ng-scope" ng-click="vm.done(orderContactForm.$valid)" translate="BUTTONS.SAVE">...</button> is not clickable at point (913, 547). Other element would receive the click: <div>...</div>
  (Session info: chrome=79.0.3945.130)
Build info: version: '3.6.0', revision: '6fbf3ec767', time: '2017-09-27T15:28:36.4Z'
System info: host: 'MACPK-WKS-0135', ip: '172.25.178.206', os.name: 'Windows 10', os.arch: 'amd64', os.version: '10.0', java.version: '1.8.0_131'
Driver info: org.openqa.selenium.chrome.ChromeDriver
Capabilities [{networkConnectionEnabled=false, chrome={chromedriverVersion=79.0.3945.36 (3582db32b33893869b8c1339e8f4d9ed1816f143-refs/branch-heads/3945@{#614}), userDataDir=C:\Users\BAKHTA~1.NAZ\AppData\Local\Temp\scoped_dir9180_793521551}, timeouts={implicit=0, pageLoad=300000, script=30000}, pageLoadStrategy=normal, unhandledPromptBehavior=dismiss and notify, strictFileInteractability=false, platform=WINDOWS, proxy=Proxy(), goog:chromeOptions={debuggerAddress=localhost:11724}, acceptInsecureCerts=false, browserVersion=79.0.3945.130, browserName=chrome, javascriptEnabled=true, platformName=WINDOWS, setWindowRect=true}]
Session ID: 01ed65cc788611d769646cb2ad33cb16
at sun.reflect.NativeConstructorAccessorImpl.newInstance0(Native Method)
at sun.reflect.NativeConstructorAccessorImpl.newInstance(Unknown Source)
at sun.reflect.DelegatingConstructorAccessorImpl.newInstance(Unknown Source)
at java.lang.reflect.Constructor.newInstance(Unknown Source)
at org.openqa.selenium.remote.http.W3CHttpResponseCodec.createException(W3CHttpResponseCodec.java:185)
at org.openqa.selenium.remote.http.W3CHttpResponseCodec.decode(W3CHttpResponseCodec.java:120)
at org.openqa.selenium.remote.http.W3CHttpResponseCodec.decode(W3CHttpResponseCodec.java:49)
at org.openqa.selenium.remote.HttpCommandExecutor.execute(HttpCommandExecutor.java:164)
at org.openqa.selenium.remote.service.DriverCommandExecutor.execute(DriverCommandExecutor.java:83)
at org.openqa.selenium.remote.RemoteWebDriver.execute(RemoteWebDriver.java:586)
at org.openqa.selenium.remote.RemoteWebElement.execute(RemoteWebElement.java:279)
at org.openqa.selenium.remote.RemoteWebElement.click(RemoteWebElement.java:83)
at sun.reflect.GeneratedMethodAccessor20.invoke(Unknown Source)
at sun.reflect.DelegatingMethodAccessorImpl.invoke(Unknown Source)
at java.lang.reflect.Method.invoke(Unknown Source)
at org.openqa.selenium.support.pagefactory.internal.LocatingElementHandler.invoke(LocatingElementHandler.java:51)
at com.sun.proxy.$Proxy10.click(Unknown Source)
at OrdersTestcases.CreateOrderwhenAddressnotmatching.Tax_is_not_calculating_if_Canadian_addressis_notmatching(CreateOrderwhenAddressnotmatching.java:119)
at Master.OrdersExecution2.Tax_is_not_calculating_if_Canadian_addressisnotmatching(OrdersExecution2.java:559)
at sun.reflect.NativeMethodAccessorImpl.invoke0(Native Method)
at sun.reflect.NativeMethodAccessorImpl.invoke(Unknown Source)
at sun.reflect.DelegatingMethodAccessorImpl.invoke(Unknown Source)
at java.lang.reflect.Method.invoke(Unknown Source)
at org.testng.internal.MethodInvocationHelper.invokeMethod(MethodInvocationHelper.java:133)
at org.testng.internal.TestInvoker.invokeMethod(TestInvoker.java:584)
at org.testng.internal.TestInvoker.invokeTestMethod(TestInvoker.java:172)
at org.testng.internal.MethodRunner.runInSequence(MethodRunner.java:46)
at org.testng.internal.TestInvoker$MethodInvocationAgent.invoke(TestInvoker.java:804)
at org.testng.internal.TestInvoker.invokeTestMethods(TestInvoker.java:145)
at org.testng.internal.TestMethodWorker.invokeTestMethods(TestMethodWorker.java:146)
at org.testng.internal.TestMethodWorker.run(TestMethodWorker.java:128)
at java.util.ArrayList.forEach(Unknown Source)
at org.testng.TestRunner.privateRun(TestRunner.java:770)
at org.testng.TestRunner.run(TestRunner.java:591)
at org.testng.SuiteRunner.runTest(SuiteRunner.java:402)
at org.testng.SuiteRunner.runSequentially(SuiteRunner.java:396)
at org.testng.SuiteRunner.privateRun(SuiteRunner.java:355)
at org.testng.SuiteRunner.run(SuiteRunner.java:304)
at org.testng.SuiteRunnerWorker.runSuite(SuiteRunnerWorker.java:53)
at org.testng.SuiteRunnerWorker.run(SuiteRunnerWorker.java:96)
at org.testng.TestNG.runSuitesSequentially(TestNG.java:1180)
at org.testng.TestNG.runSuitesLocally(TestNG.java:1102)
at org.testng.TestNG.runSuites(TestNG.java:1032)
at org.testng.TestNG.run(TestNG.java:1000)
at org.testng.remote.AbstractRemoteTestNG.run(AbstractRemoteTestNG.java:115)
at org.testng.remote.RemoteTestNG.initAndRun(RemoteTestNG.java:251)
at org.testng.remote.RemoteTestNG.main(RemoteTestNG.java:77)
]]>
    </error>
  </testcase> <!-- Tax_is_not_calculating_if_Canadian_addressisnotmatching -->
  <testcase name="SameAsBilling_ShippingAddress_Verification_OrderLevel" time="48.266" classname="Master.OrdersExecution2">
    <error type="org.openqa.selenium.NoSuchElementException" message="no such element: Unable to locate element: {&quot;method&quot;:&quot;xpath&quot;,&quot;selector&quot;:&quot;//button[contains(text(),&#039;Ok&#039;)] | //button[contains(text(),&#039;Yes&#039;)]&quot;}
  (Session info: chrome=79.0.3945.130)
For documentation on this error, please visit: http://seleniumhq.org/exceptions/no_such_element.html
Build info: version: &#039;3.6.0&#039;, revision: &#039;6fbf3ec767&#039;, time: &#039;2017-09-27T15:28:36.4Z&#039;
System info: host: &#039;MACPK-WKS-0135&#039;, ip: &#039;172.25.178.206&#039;, os.name: &#039;Windows 10&#039;, os.arch: &#039;amd64&#039;, os.version: &#039;10.0&#039;, java.version: &#039;1.8.0_131&#039;
Driver info: org.openqa.selenium.chrome.ChromeDriver
Capabilities [{networkConnectionEnabled=false, chrome={chromedriverVersion=79.0.3945.36 (3582db32b33893869b8c1339e8f4d9ed1816f143-refs/branch-heads/3945@{#614}), userDataDir=C:\Users\BAKHTA~1.NAZ\AppData\Local\Temp\scoped_dir9180_793521551}, timeouts={implicit=0, pageLoad=300000, script=30000}, pageLoadStrategy=normal, unhandledPromptBehavior=dismiss and notify, strictFileInteractability=false, platform=WINDOWS, proxy=Proxy(), goog:chromeOptions={debuggerAddress=localhost:11724}, acceptInsecureCerts=false, browserVersion=79.0.3945.130, browserName=chrome, javascriptEnabled=true, platformName=WINDOWS, setWindowRect=true}]
Session ID: 01ed65cc788611d769646cb2ad33cb16
*** Element info: {Using=xpath, value=//button[contains(text(),&#039;Ok&#039;)] | //button[contains(text(),&#039;Yes&#039;)]}">
      <![CDATA[org.openqa.selenium.NoSuchElementException: no such element: Unable to locate element: {"method":"xpath","selector":"//button[contains(text(),'Ok')] | //button[contains(text(),'Yes')]"}
  (Session info: chrome=79.0.3945.130)
For documentation on this error, please visit: http://seleniumhq.org/exceptions/no_such_element.html
Build info: version: '3.6.0', revision: '6fbf3ec767', time: '2017-09-27T15:28:36.4Z'
System info: host: 'MACPK-WKS-0135', ip: '172.25.178.206', os.name: 'Windows 10', os.arch: 'amd64', os.version: '10.0', java.version: '1.8.0_131'
Driver info: org.openqa.selenium.chrome.ChromeDriver
Capabilities [{networkConnectionEnabled=false, chrome={chromedriverVersion=79.0.3945.36 (3582db32b33893869b8c1339e8f4d9ed1816f143-refs/branch-heads/3945@{#614}), userDataDir=C:\Users\BAKHTA~1.NAZ\AppData\Local\Temp\scoped_dir9180_793521551}, timeouts={implicit=0, pageLoad=300000, script=30000}, pageLoadStrategy=normal, unhandledPromptBehavior=dismiss and notify, strictFileInteractability=false, platform=WINDOWS, proxy=Proxy(), goog:chromeOptions={debuggerAddress=localhost:11724}, acceptInsecureCerts=false, browserVersion=79.0.3945.130, browserName=chrome, javascriptEnabled=true, platformName=WINDOWS, setWindowRect=true}]
Session ID: 01ed65cc788611d769646cb2ad33cb16
*** Element info: {Using=xpath, value=//button[contains(text(),'Ok')] | //button[contains(text(),'Yes')]}
at sun.reflect.NativeConstructorAccessorImpl.newInstance0(Native Method)
at sun.reflect.NativeConstructorAccessorImpl.newInstance(Unknown Source)
at sun.reflect.DelegatingConstructorAccessorImpl.newInstance(Unknown Source)
at java.lang.reflect.Constructor.newInstance(Unknown Source)
at org.openqa.selenium.remote.http.W3CHttpResponseCodec.createException(W3CHttpResponseCodec.java:185)
at org.openqa.selenium.remote.http.W3CHttpResponseCodec.decode(W3CHttpResponseCodec.java:120)
at org.openqa.selenium.remote.http.W3CHttpResponseCodec.decode(W3CHttpResponseCodec.java:49)
at org.openqa.selenium.remote.HttpCommandExecutor.execute(HttpCommandExecutor.java:164)
at org.openqa.selenium.remote.service.DriverCommandExecutor.execute(DriverCommandExecutor.java:83)
at org.openqa.selenium.remote.RemoteWebDriver.execute(RemoteWebDriver.java:586)
at org.openqa.selenium.remote.RemoteWebDriver.findElement(RemoteWebDriver.java:356)
at org.openqa.selenium.remote.RemoteWebDriver.findElementByXPath(RemoteWebDriver.java:458)
at org.openqa.selenium.By$ByXPath.findElement(By.java:361)
at org.openqa.selenium.remote.RemoteWebDriver.findElement(RemoteWebDriver.java:348)
at org.openqa.selenium.support.pagefactory.DefaultElementLocator.findElement(DefaultElementLocator.java:69)
at org.openqa.selenium.support.pagefactory.internal.LocatingElementHandler.invoke(LocatingElementHandler.java:38)
at com.sun.proxy.$Proxy10.click(Unknown Source)
at OrdersTestcases.Requote_FromOrdersDetails_And_QuoteDetails.SameAsBilling_ShippingAddress_Verification_Order_Level(Requote_FromOrdersDetails_And_QuoteDetails.java:34)
at Master.OrdersExecution2.SameAsBilling_ShippingAddress_Verification_OrderLevel(OrdersExecution2.java:565)
at sun.reflect.NativeMethodAccessorImpl.invoke0(Native Method)
at sun.reflect.NativeMethodAccessorImpl.invoke(Unknown Source)
at sun.reflect.DelegatingMethodAccessorImpl.invoke(Unknown Source)
at java.lang.reflect.Method.invoke(Unknown Source)
at org.testng.internal.MethodInvocationHelper.invokeMethod(MethodInvocationHelper.java:133)
at org.testng.internal.TestInvoker.invokeMethod(TestInvoker.java:584)
at org.testng.internal.TestInvoker.invokeTestMethod(TestInvoker.java:172)
at org.testng.internal.MethodRunner.runInSequence(MethodRunner.java:46)
at org.testng.internal.TestInvoker$MethodInvocationAgent.invoke(TestInvoker.java:804)
at org.testng.internal.TestInvoker.invokeTestMethods(TestInvoker.java:145)
at org.testng.internal.TestMethodWorker.invokeTestMethods(TestMethodWorker.java:146)
at org.testng.internal.TestMethodWorker.run(TestMethodWorker.java:128)
at java.util.ArrayList.forEach(Unknown Source)
at org.testng.TestRunner.privateRun(TestRunner.java:770)
at org.testng.TestRunner.run(TestRunner.java:591)
at org.testng.SuiteRunner.runTest(SuiteRunner.java:402)
at org.testng.SuiteRunner.runSequentially(SuiteRunner.java:396)
at org.testng.SuiteRunner.privateRun(SuiteRunner.java:355)
at org.testng.SuiteRunner.run(SuiteRunner.java:304)
at org.testng.SuiteRunnerWorker.runSuite(SuiteRunnerWorker.java:53)
at org.testng.SuiteRunnerWorker.run(SuiteRunnerWorker.java:96)
at org.testng.TestNG.runSuitesSequentially(TestNG.java:1180)
at org.testng.TestNG.runSuitesLocally(TestNG.java:1102)
at org.testng.TestNG.runSuites(TestNG.java:1032)
at org.testng.TestNG.run(TestNG.java:1000)
at org.testng.remote.AbstractRemoteTestNG.run(AbstractRemoteTestNG.java:115)
at org.testng.remote.RemoteTestNG.initAndRun(RemoteTestNG.java:251)
at org.testng.remote.RemoteTestNG.main(RemoteTestNG.java:77)
]]>
    </error>
  </testcase> <!-- SameAsBilling_ShippingAddress_Verification_OrderLevel -->
  <testcase name="CPN_Number_EditProductConfigVerification" time="3.402" classname="Master.OrdersExecution2"/>
  <testcase name="SameAsBilling_ShippingAddress_Verification_ProductLevel" time="2.207" classname="Master.OrdersExecution2"/>
  <testcase name="SameAsBilling_AcknowledgementAddress_Verification_OrderLevel" time="1.280" classname="Master.OrdersExecution2">
    <failure type="java.lang.AssertionError" message="did not expect to find [null] but found [0001 Supplier ASIQA I
Feasterville-Trevose, PA 19053
United States]">
      <![CDATA[java.lang.AssertionError: did not expect to find [null] but found [0001 Supplier ASIQA I
Feasterville-Trevose, PA 19053
United States]
at org.testng.Assert.fail(Assert.java:97)
at org.testng.Assert.failNotEquals(Assert.java:969)
at org.testng.Assert.assertEqualsImpl(Assert.java:131)
at org.testng.Assert.assertEquals(Assert.java:118)
at org.testng.Assert.assertEquals(Assert.java:575)
at org.testng.Assert.assertEquals(Assert.java:585)
at OrdersTestcases.Requote_FromOrdersDetails_And_QuoteDetails.SameAsBilling_AcknowledgementAddress_Verification_Order_Level(Requote_FromOrdersDetails_And_QuoteDetails.java:128)
at Master.OrdersExecution2.SameAsBilling_AcknowledgementAddress_Verification_OrderLevel(OrdersExecution2.java:585)
at sun.reflect.NativeMethodAccessorImpl.invoke0(Native Method)
at sun.reflect.NativeMethodAccessorImpl.invoke(Unknown Source)
at sun.reflect.DelegatingMethodAccessorImpl.invoke(Unknown Source)
at java.lang.reflect.Method.invoke(Unknown Source)
at org.testng.internal.MethodInvocationHelper.invokeMethod(MethodInvocationHelper.java:133)
at org.testng.internal.TestInvoker.invokeMethod(TestInvoker.java:584)
at org.testng.internal.TestInvoker.invokeTestMethod(TestInvoker.java:172)
at org.testng.internal.MethodRunner.runInSequence(MethodRunner.java:46)
at org.testng.internal.TestInvoker$MethodInvocationAgent.invoke(TestInvoker.java:804)
at org.testng.internal.TestInvoker.invokeTestMethods(TestInvoker.java:145)
at org.testng.internal.TestMethodWorker.invokeTestMethods(TestMethodWorker.java:146)
at org.testng.internal.TestMethodWorker.run(TestMethodWorker.java:128)
at java.util.ArrayList.forEach(Unknown Source)
at org.testng.TestRunner.privateRun(TestRunner.java:770)
at org.testng.TestRunner.run(TestRunner.java:591)
at org.testng.SuiteRunner.runTest(SuiteRunner.java:402)
at org.testng.SuiteRunner.runSequentially(SuiteRunner.java:396)
at org.testng.SuiteRunner.privateRun(SuiteRunner.java:355)
at org.testng.SuiteRunner.run(SuiteRunner.java:304)
at org.testng.SuiteRunnerWorker.runSuite(SuiteRunnerWorker.java:53)
at org.testng.SuiteRunnerWorker.run(SuiteRunnerWorker.java:96)
at org.testng.TestNG.runSuitesSequentially(TestNG.java:1180)
at org.testng.TestNG.runSuitesLocally(TestNG.java:1102)
at org.testng.TestNG.runSuites(TestNG.java:1032)
at org.testng.TestNG.run(TestNG.java:1000)
at org.testng.remote.AbstractRemoteTestNG.run(AbstractRemoteTestNG.java:115)
at org.testng.remote.RemoteTestNG.initAndRun(RemoteTestNG.java:251)
at org.testng.remote.RemoteTestNG.main(RemoteTestNG.java:77)
]]>
    </failure>
  </testcase> <!-- SameAsBilling_AcknowledgementAddress_Verification_OrderLevel -->
  <testcase name="ProfitMaker_SendVerification" time="1.870" classname="Master.OrdersExecution2">
    <error type="org.openqa.selenium.ElementClickInterceptedException" message="element click intercepted: Element &lt;ng-content translate=&quot;ORDERS.BUTTONS.SEND_PROFITMAKER&quot; class=&quot;ng-scope&quot;&gt;...&lt;/ng-content&gt; is not clickable at point (910, 531). Other element would receive the click: &lt;button type=&quot;button&quot; class=&quot;btn btn-primary ng-scope&quot; ng-click=&quot;vm.done(orderContactForm.$valid)&quot; translate=&quot;BUTTONS.SAVE&quot;&gt;...&lt;/button&gt;
  (Session info: chrome=79.0.3945.130)
Build info: version: &#039;3.6.0&#039;, revision: &#039;6fbf3ec767&#039;, time: &#039;2017-09-27T15:28:36.4Z&#039;
System info: host: &#039;MACPK-WKS-0135&#039;, ip: &#039;172.25.178.206&#039;, os.name: &#039;Windows 10&#039;, os.arch: &#039;amd64&#039;, os.version: &#039;10.0&#039;, java.version: &#039;1.8.0_131&#039;
Driver info: org.openqa.selenium.chrome.ChromeDriver
Capabilities [{networkConnectionEnabled=false, chrome={chromedriverVersion=79.0.3945.36 (3582db32b33893869b8c1339e8f4d9ed1816f143-refs/branch-heads/3945@{#614}), userDataDir=C:\Users\BAKHTA~1.NAZ\AppData\Local\Temp\scoped_dir9180_793521551}, timeouts={implicit=0, pageLoad=300000, script=30000}, pageLoadStrategy=normal, unhandledPromptBehavior=dismiss and notify, strictFileInteractability=false, platform=WINDOWS, proxy=Proxy(), goog:chromeOptions={debuggerAddress=localhost:11724}, acceptInsecureCerts=false, browserVersion=79.0.3945.130, browserName=chrome, javascriptEnabled=true, platformName=WINDOWS, setWindowRect=true}]
Session ID: 01ed65cc788611d769646cb2ad33cb16">
      <![CDATA[org.openqa.selenium.ElementClickInterceptedException: element click intercepted: Element <ng-content translate="ORDERS.BUTTONS.SEND_PROFITMAKER" class="ng-scope">...</ng-content> is not clickable at point (910, 531). Other element would receive the click: <button type="button" class="btn btn-primary ng-scope" ng-click="vm.done(orderContactForm.$valid)" translate="BUTTONS.SAVE">...</button>
  (Session info: chrome=79.0.3945.130)
Build info: version: '3.6.0', revision: '6fbf3ec767', time: '2017-09-27T15:28:36.4Z'
System info: host: 'MACPK-WKS-0135', ip: '172.25.178.206', os.name: 'Windows 10', os.arch: 'amd64', os.version: '10.0', java.version: '1.8.0_131'
Driver info: org.openqa.selenium.chrome.ChromeDriver
Capabilities [{networkConnectionEnabled=false, chrome={chromedriverVersion=79.0.3945.36 (3582db32b33893869b8c1339e8f4d9ed1816f143-refs/branch-heads/3945@{#614}), userDataDir=C:\Users\BAKHTA~1.NAZ\AppData\Local\Temp\scoped_dir9180_793521551}, timeouts={implicit=0, pageLoad=300000, script=30000}, pageLoadStrategy=normal, unhandledPromptBehavior=dismiss and notify, strictFileInteractability=false, platform=WINDOWS, proxy=Proxy(), goog:chromeOptions={debuggerAddress=localhost:11724}, acceptInsecureCerts=false, browserVersion=79.0.3945.130, browserName=chrome, javascriptEnabled=true, platformName=WINDOWS, setWindowRect=true}]
Session ID: 01ed65cc788611d769646cb2ad33cb16
at sun.reflect.NativeConstructorAccessorImpl.newInstance0(Native Method)
at sun.reflect.NativeConstructorAccessorImpl.newInstance(Unknown Source)
at sun.reflect.DelegatingConstructorAccessorImpl.newInstance(Unknown Source)
at java.lang.reflect.Constructor.newInstance(Unknown Source)
at org.openqa.selenium.remote.http.W3CHttpResponseCodec.createException(W3CHttpResponseCodec.java:185)
at org.openqa.selenium.remote.http.W3CHttpResponseCodec.decode(W3CHttpResponseCodec.java:120)
at org.openqa.selenium.remote.http.W3CHttpResponseCodec.decode(W3CHttpResponseCodec.java:49)
at org.openqa.selenium.remote.HttpCommandExecutor.execute(HttpCommandExecutor.java:164)
at org.openqa.selenium.remote.service.DriverCommandExecutor.execute(DriverCommandExecutor.java:83)
at org.openqa.selenium.remote.RemoteWebDriver.execute(RemoteWebDriver.java:586)
at org.openqa.selenium.remote.RemoteWebElement.execute(RemoteWebElement.java:279)
at org.openqa.selenium.remote.RemoteWebElement.click(RemoteWebElement.java:83)
at sun.reflect.GeneratedMethodAccessor20.invoke(Unknown Source)
at sun.reflect.DelegatingMethodAccessorImpl.invoke(Unknown Source)
at java.lang.reflect.Method.invoke(Unknown Source)
at org.openqa.selenium.support.pagefactory.internal.LocatingElementHandler.invoke(LocatingElementHandler.java:51)
at com.sun.proxy.$Proxy10.click(Unknown Source)
at OrdersTestcases.Requote_FromOrdersDetails_And_QuoteDetails.ProfitMaker_Send_Verification(Requote_FromOrdersDetails_And_QuoteDetails.java:194)
at Master.OrdersExecution2.ProfitMaker_SendVerification(OrdersExecution2.java:592)
at sun.reflect.NativeMethodAccessorImpl.invoke0(Native Method)
at sun.reflect.NativeMethodAccessorImpl.invoke(Unknown Source)
at sun.reflect.DelegatingMethodAccessorImpl.invoke(Unknown Source)
at java.lang.reflect.Method.invoke(Unknown Source)
at org.testng.internal.MethodInvocationHelper.invokeMethod(MethodInvocationHelper.java:133)
at org.testng.internal.TestInvoker.invokeMethod(TestInvoker.java:584)
at org.testng.internal.TestInvoker.invokeTestMethod(TestInvoker.java:172)
at org.testng.internal.MethodRunner.runInSequence(MethodRunner.java:46)
at org.testng.internal.TestInvoker$MethodInvocationAgent.invoke(TestInvoker.java:804)
at org.testng.internal.TestInvoker.invokeTestMethods(TestInvoker.java:145)
at org.testng.internal.TestMethodWorker.invokeTestMethods(TestMethodWorker.java:146)
at org.testng.internal.TestMethodWorker.run(TestMethodWorker.java:128)
at java.util.ArrayList.forEach(Unknown Source)
at org.testng.TestRunner.privateRun(TestRunner.java:770)
at org.testng.TestRunner.run(TestRunner.java:591)
at org.testng.SuiteRunner.runTest(SuiteRunner.java:402)
at org.testng.SuiteRunner.runSequentially(SuiteRunner.java:396)
at org.testng.SuiteRunner.privateRun(SuiteRunner.java:355)
at org.testng.SuiteRunner.run(SuiteRunner.java:304)
at org.testng.SuiteRunnerWorker.runSuite(SuiteRunnerWorker.java:53)
at org.testng.SuiteRunnerWorker.run(SuiteRunnerWorker.java:96)
at org.testng.TestNG.runSuitesSequentially(TestNG.java:1180)
at org.testng.TestNG.runSuitesLocally(TestNG.java:1102)
at org.testng.TestNG.runSuites(TestNG.java:1032)
at org.testng.TestNG.run(TestNG.java:1000)
at org.testng.remote.AbstractRemoteTestNG.run(AbstractRemoteTestNG.java:115)
at org.testng.remote.RemoteTestNG.initAndRun(RemoteTestNG.java:251)
at org.testng.remote.RemoteTestNG.main(RemoteTestNG.java:77)
]]>
    </error>
  </testcase> <!-- ProfitMaker_SendVerification -->
  <testcase name="Requote_From_OrdersDetails" time="12.251" classname="Master.OrdersExecution2"/>
  <testcase name="Requote_From_QuoteDetails" time="27.687" classname="Master.OrdersExecution2"/>
</testsuite> <!-- Master.OrdersExecution2 -->
