<?xml version="1.0" encoding="UTF-8"?>
<!-- Generated by org.testng.reporters.JUnitXMLReporter -->
<testsuite ignored="0" hostname="macpk-asiqa2" failures="1" tests="9" name="ORDERS1" time="252.813" errors="0" timestamp="2021-02-25T02:10:32 PKT">
  <testcase classname="Master.Level2HighLevelCRMOrdersChecks" name="LoginIdaho" time="1.733"/>
  <testcase classname="Master.Level2HighLevelCRMOrdersChecks" name="IPAddress_Verification" time="21.407">
    <failure type="java.lang.AssertionError" message="expected [true] but found [false]">
      <![CDATA[java.lang.AssertionError: expected [true] but found [false]
at CrmTestCases.Login.IPAddress_Verification(Login.java:82)
at Master.Level2HighLevelCRMOrdersChecks.IPAddress_Verification(Level2HighLevelCRMOrdersChecks.java:47)
at java.base/java.util.ArrayList.forEach(ArrayList.java:1511)
... Removed 31 stack frames]]>
    </failure>
  </testcase> <!-- IPAddress_Verification -->
  <testcase classname="Master.Level2HighLevelCRMOrdersChecks" name="UploadDSTFiles_Orderlevel" time="98.933"/>
  <testcase classname="Master.Level2HighLevelCRMOrdersChecks" name="Product_AddedTo_Order" time="15.822"/>
  <testcase classname="Master.Level2HighLevelCRMOrdersChecks" name="Purchase_OrderPreview_Verification" time="25.821"/>
  <testcase classname="Master.Level2HighLevelCRMOrdersChecks" name="PurchaseOrder_PreviewPOSend" time="27.271"/>
  <testcase classname="Master.Level2HighLevelCRMOrdersChecks" name="Access_CRM_PurchaseOrderEmailsValidation" time="20.823"/>
  <testcase classname="Master.Level2HighLevelCRMOrdersChecks" name="Percentage_square_in_Orders_SummaryWidget_ToolTip_TextVerification" time="14.236"/>
  <testcase classname="Master.Level2HighLevelCRMOrdersChecks" name="Percentage_circle_inOrdersSummary_Widget_ToolTip_TextVerification" time="13.905"/>
</testsuite> <!-- ORDERS1 -->
